[debug] [2018-01-22T22:32:08.200Z] ----------------------------------------------------------------------
[debug] [2018-01-22T22:32:08.202Z] Command:       /usr/local/bin/node /usr/local/bin/firebase serve --only functions
[debug] [2018-01-22T22:32:08.203Z] CLI Version:   3.17.3
[debug] [2018-01-22T22:32:08.203Z] Platform:      darwin
[debug] [2018-01-22T22:32:08.203Z] Node Version:  v8.9.4
[debug] [2018-01-22T22:32:08.203Z] Time:          Mon Jan 22 2018 23:32:08 GMT+0100 (CET)
[debug] [2018-01-22T22:32:08.203Z] ----------------------------------------------------------------------
[debug] 
[debug] [2018-01-22T22:32:08.214Z] > command requires scopes: ["email","openid","https://www.googleapis.com/auth/cloudplatformprojects.readonly","https://www.googleapis.com/auth/firebase","https://www.googleapis.com/auth/cloud-platform"]
[debug] [2018-01-22T22:32:08.214Z] > authorizing via signed-in user
[debug] [2018-01-22T22:32:08.216Z] > refreshing access token with scopes: ["email","https://www.googleapis.com/auth/cloud-platform","https://www.googleapis.com/auth/cloudplatformprojects.readonly","https://www.googleapis.com/auth/firebase","openid"]
[debug] [2018-01-22T22:32:08.216Z] >>> HTTP REQUEST POST https://www.googleapis.com/oauth2/v3/token  
 { refresh_token: '1/zE3sxC_APbwsHc1PaCmbumu5-UFkdvMdbCyfrgFS7UI',
  client_id: '563584335869-fgrhgmd47bqnekij5i8b5pr03ho849e6.apps.googleusercontent.com',
  client_secret: 'j9iVZfS8kkCEFUPaAeJV0sAi',
  grant_type: 'refresh_token',
  scope: 'email https://www.googleapis.com/auth/cloud-platform https://www.googleapis.com/auth/cloudplatformprojects.readonly https://www.googleapis.com/auth/firebase openid' } 
 Mon Jan 22 2018 23:32:08 GMT+0100 (CET)
[debug] [2018-01-22T22:32:08.463Z] <<< HTTP RESPONSE 200
[debug] [2018-01-22T22:32:08.479Z] >>> HTTP REQUEST GET https://admin.firebase.com/v1/projects/meet-a-winner  
  
 Mon Jan 22 2018 23:32:08 GMT+0100 (CET)
[debug] [2018-01-22T22:32:09.283Z] <<< HTTP RESPONSE 200
[debug] [2018-01-22T22:32:09.284Z] >>> HTTP REQUEST GET https://admin.firebase.com/v1/database/meet-a-winner/tokens  
  
 Mon Jan 22 2018 23:32:09 GMT+0100 (CET)
[debug] [2018-01-22T22:32:10.026Z] <<< HTTP RESPONSE 200
[info] 
[info] === Serving from '/Users/francoisgruchala/GDG Lille/meet-a-winner-functions'...
[info] 
[info] i  functions: Preparing to emulate functions.
[debug] [2018-01-22T22:32:10.303Z] Fetching environment
[debug] [2018-01-22T22:32:10.304Z] >>> HTTP REQUEST GET https://appengine.googleapis.com/v1/apps/meet-a-winner  
  
 Mon Jan 22 2018 23:32:10 GMT+0100 (CET)
[debug] [2018-01-22T22:32:10.305Z] >>> HTTP REQUEST GET https://apikeys.googleapis.com/v1/projects/meet-a-winner/apiKeys  
  
 Mon Jan 22 2018 23:32:10 GMT+0100 (CET)
[debug] [2018-01-22T22:32:11.062Z] <<< HTTP RESPONSE 200
[debug] [2018-01-22T22:32:11.160Z] <<< HTTP RESPONSE 200
[debug] [2018-01-22T22:32:11.160Z] Starting @google-cloud/functions-emulator
[debug] [2018-01-22T22:32:12.227Z] Parsing function triggers
[info] ✔  functions: getLastTweetsOfGDGLille: http://localhost:5000/meet-a-winner/us-central1/getLastTweetsOfGDGLille
[info] ✔  functions: getRandomlyAWinner: http://localhost:5000/meet-a-winner/us-central1/getRandomlyAWinner
